Z-Chaff Version: zChaff 2007.3.12
Solving 1d.cnf ......

c 4 Clauses are true, Verify Solution successful.
Instance Satisfiable
1 2 3 4 5 6 Random Seed Used				0
Max Decision Level				0
Num. of Decisions				1
( Stack + Vsids + Shrinking Decisions )		0 + 0 + 0
Original Num Variables				6
Original Num Clauses				4
Original Num Literals				12
Added Conflict Clauses				0
Num of Shrinkings				0
Deleted Conflict Clauses			0
Deleted Clauses					0
Added Conflict Literals				0
Deleted (Total) Literals			0
Number of Implication				6
Total Run Time					0
RESULT:	SAT
