Z-Chaff Version: zChaff 2007.3.12
Solving 2e.cnf ......

c 7 Clauses are true, Verify Solution successful.
Instance Satisfiable
1 2 3 4 5 6 7 8 9 10 Random Seed Used				0
Max Decision Level				3
Num. of Decisions				4
( Stack + Vsids + Shrinking Decisions )		0 + 3 + 0
Original Num Variables				10
Original Num Clauses				7
Original Num Literals				22
Added Conflict Clauses				0
Num of Shrinkings				0
Deleted Conflict Clauses			0
Deleted Clauses					0
Added Conflict Literals				0
Deleted (Total) Literals			0
Number of Implication				10
Total Run Time					0.001
RESULT:	SAT
