Z-Chaff Version: zChaff 2007.3.12
Solving 6b.cnf ......

c 5 Clauses are true, Verify Solution successful.
Instance Satisfiable
-1 -2 -3 Random Seed Used				0
Max Decision Level				1
Num. of Decisions				3
( Stack + Vsids + Shrinking Decisions )		0 + 2 + 0
Original Num Variables				3
Original Num Clauses				4
Original Num Literals				9
Added Conflict Clauses				1
Num of Shrinkings				0
Deleted Conflict Clauses			0
Deleted Clauses					0
Added Conflict Literals				1
Deleted (Total) Literals			0
Number of Implication				5
Total Run Time					0
RESULT:	SAT
