Z-Chaff Version: zChaff 2007.3.12
Solving 2c.cnf ......

c 7 Clauses are true, Verify Solution successful.
Instance Satisfiable
-1 -2 3 4 5 6 7 8 9 Random Seed Used				0
Max Decision Level				2
Num. of Decisions				3
( Stack + Vsids + Shrinking Decisions )		0 + 2 + 0
Original Num Variables				9
Original Num Clauses				7
Original Num Literals				18
Added Conflict Clauses				0
Num of Shrinkings				0
Deleted Conflict Clauses			0
Deleted Clauses					0
Added Conflict Literals				0
Deleted (Total) Literals			0
Number of Implication				9
Total Run Time					0
RESULT:	SAT
