Z-Chaff Version: zChaff 2007.3.12
Solving fail.cnf ......
 CONFLICT during preprocess 

Instance Unsatisfiable
Random Seed Used				0
Max Decision Level				0
Num. of Decisions				0
( Stack + Vsids + Shrinking Decisions )		0 + 0 + 0
Original Num Variables				1
Original Num Clauses				2
Original Num Literals				2
Added Conflict Clauses				0
Num of Shrinkings				0
Deleted Conflict Clauses			0
Deleted Clauses					0
Added Conflict Literals				0
Deleted (Total) Literals			0
Number of Implication				1
Total Run Time					0
RESULT:	UNSAT
